Analysis & Synthesis report for SIMPCOMP
Tue Feb 14 13:03:00 2023
Quartus II Version 9.0 Build 132 02/25/2009 SJ Web Edition


---------------------
; Table of Contents ;
---------------------
  1. Legal Notice
  2. Analysis & Synthesis Summary
  3. Analysis & Synthesis Settings
  4. Analysis & Synthesis Source Files Read
  5. Analysis & Synthesis Resource Usage Summary
  6. Analysis & Synthesis Resource Utilization by Entity
  7. General Register Statistics
  8. Analysis & Synthesis Messages
  9. Analysis & Synthesis Suppressed Messages



----------------
; Legal Notice ;
----------------
Copyright (C) 1991-2009 Altera Corporation
Your use of Altera Corporation's design tools, logic functions 
and other software and tools, and its AMPP partner logic 
functions, and any output files from any of the foregoing 
(including device programming or simulation files), and any 
associated documentation or information are expressly subject 
to the terms and conditions of the Altera Program License 
Subscription Agreement, Altera MegaCore Function License 
Agreement, or other applicable license agreement, including, 
without limitation, that your use is for the sole purpose of 
programming logic devices manufactured by Altera and sold by 
Altera or its authorized distributors.  Please refer to the 
applicable agreement for further details.



+-------------------------------------------------------------------------+
; Analysis & Synthesis Summary                                            ;
+-------------------------------+-----------------------------------------+
; Analysis & Synthesis Status   ; Successful - Tue Feb 14 13:03:00 2023   ;
; Quartus II Version            ; 9.0 Build 132 02/25/2009 SJ Web Edition ;
; Revision Name                 ; SIMPCOMP                                ;
; Top-level Entity Name         ; Block1                                  ;
; Family                        ; Stratix II                              ;
; Logic utilization             ; N/A                                     ;
;     Combinational ALUTs       ; 5                                       ;
;     Dedicated logic registers ; 0                                       ;
; Total registers               ; 0                                       ;
; Total pins                    ; 12                                      ;
; Total virtual pins            ; 0                                       ;
; Total block memory bits       ; 0                                       ;
; DSP block 9-bit elements      ; 0                                       ;
; Total PLLs                    ; 0                                       ;
; Total DLLs                    ; 0                                       ;
+-------------------------------+-----------------------------------------+


+----------------------------------------------------------------------------------------------------------+
; Analysis & Synthesis Settings                                                                            ;
+----------------------------------------------------------------+--------------------+--------------------+
; Option                                                         ; Setting            ; Default Value      ;
+----------------------------------------------------------------+--------------------+--------------------+
; Top-level entity name                                          ; Block1             ; SIMPCOMP           ;
; Family name                                                    ; Stratix II         ; Stratix II         ;
; Use Generated Physical Constraints File                        ; Off                ;                    ;
; Use smart compilation                                          ; Off                ; Off                ;
; Restructure Multiplexers                                       ; Auto               ; Auto               ;
; Create Debugging Nodes for IP Cores                            ; Off                ; Off                ;
; Preserve fewer node names                                      ; On                 ; On                 ;
; Disable OpenCore Plus hardware evaluation                      ; Off                ; Off                ;
; Verilog Version                                                ; Verilog_2001       ; Verilog_2001       ;
; VHDL Version                                                   ; VHDL93             ; VHDL93             ;
; State Machine Processing                                       ; Auto               ; Auto               ;
; Safe State Machine                                             ; Off                ; Off                ;
; Extract Verilog State Machines                                 ; On                 ; On                 ;
; Extract VHDL State Machines                                    ; On                 ; On                 ;
; Ignore Verilog initial constructs                              ; Off                ; Off                ;
; Iteration limit for constant Verilog loops                     ; 5000               ; 5000               ;
; Iteration limit for non-constant Verilog loops                 ; 250                ; 250                ;
; Add Pass-Through Logic to Inferred RAMs                        ; On                 ; On                 ;
; Parallel Synthesis                                             ; Off                ; Off                ;
; DSP Block Balancing                                            ; Auto               ; Auto               ;
; NOT Gate Push-Back                                             ; On                 ; On                 ;
; Power-Up Don't Care                                            ; On                 ; On                 ;
; Remove Redundant Logic Cells                                   ; Off                ; Off                ;
; Remove Duplicate Registers                                     ; On                 ; On                 ;
; Ignore CARRY Buffers                                           ; Off                ; Off                ;
; Ignore CASCADE Buffers                                         ; Off                ; Off                ;
; Ignore GLOBAL Buffers                                          ; Off                ; Off                ;
; Ignore ROW GLOBAL Buffers                                      ; Off                ; Off                ;
; Ignore LCELL Buffers                                           ; Off                ; Off                ;
; Ignore SOFT Buffers                                            ; On                 ; On                 ;
; Limit AHDL Integers to 32 Bits                                 ; Off                ; Off                ;
; Optimization Technique                                         ; Balanced           ; Balanced           ;
; Carry Chain Length                                             ; 70                 ; 70                 ;
; Auto Carry Chains                                              ; On                 ; On                 ;
; Auto Open-Drain Pins                                           ; On                 ; On                 ;
; Perform WYSIWYG Primitive Resynthesis                          ; Off                ; Off                ;
; Auto ROM Replacement                                           ; On                 ; On                 ;
; Auto RAM Replacement                                           ; On                 ; On                 ;
; Auto DSP Block Replacement                                     ; On                 ; On                 ;
; Auto Shift Register Replacement                                ; Auto               ; Auto               ;
; Auto Clock Enable Replacement                                  ; On                 ; On                 ;
; Strict RAM Replacement                                         ; Off                ; Off                ;
; Allow Synchronous Control Signals                              ; On                 ; On                 ;
; Force Use of Synchronous Clear Signals                         ; Off                ; Off                ;
; Auto RAM Block Balancing                                       ; On                 ; On                 ;
; Auto RAM to Logic Cell Conversion                              ; Off                ; Off                ;
; Auto Resource Sharing                                          ; Off                ; Off                ;
; Allow Any RAM Size For Recognition                             ; Off                ; Off                ;
; Allow Any ROM Size For Recognition                             ; Off                ; Off                ;
; Allow Any Shift Register Size For Recognition                  ; Off                ; Off                ;
; Use LogicLock Constraints during Resource Balancing            ; On                 ; On                 ;
; Ignore translate_off and synthesis_off directives              ; Off                ; Off                ;
; Timing-Driven Synthesis                                        ; Off                ; Off                ;
; Show Parameter Settings Tables in Synthesis Report             ; On                 ; On                 ;
; Ignore Maximum Fan-Out Assignments                             ; Off                ; Off                ;
; Synchronization Register Chain Length                          ; 2                  ; 2                  ;
; PowerPlay Power Optimization                                   ; Normal compilation ; Normal compilation ;
; HDL message level                                              ; Level2             ; Level2             ;
; Suppress Register Optimization Related Messages                ; Off                ; Off                ;
; Number of Removed Registers Reported in Synthesis Report       ; 100                ; 100                ;
; Number of Inverted Registers Reported in Synthesis Report      ; 100                ; 100                ;
; Clock MUX Protection                                           ; On                 ; On                 ;
; Auto Gated Clock Conversion                                    ; Off                ; Off                ;
; Block Design Naming                                            ; Auto               ; Auto               ;
; SDC constraint protection                                      ; Off                ; Off                ;
; Synthesis Effort                                               ; Auto               ; Auto               ;
; Allows Asynchronous Clear Usage For Shift Register Replacement ; On                 ; On                 ;
; Analysis & Synthesis Message Level                             ; Medium             ; Medium             ;
+----------------------------------------------------------------+--------------------+--------------------+


+-------------------------------------------------------------------------------------------------------------------------------------------------------------------------------------------------------------------------+
; Analysis & Synthesis Source Files Read                                                                                                                                                                                  ;
+----------------------------------+-----------------+------------------------------------+-------------------------------------------------------------------------------------------------------------------------------+
; File Name with User-Entered Path ; Used in Netlist ; File Type                          ; File Name with Absolute Path                                                                                                  ;
+----------------------------------+-----------------+------------------------------------+-------------------------------------------------------------------------------------------------------------------------------+
; FA.v                             ; yes             ; User Verilog HDL File              ; C:/Users/moham/OneDrive/Desktop/Computer Engineering/ENCS2380 (Computer Organization and microprocessor)/Project I/FA.v       ;
; Block1.bdf                       ; yes             ; User Block Diagram/Schematic File  ; C:/Users/moham/OneDrive/Desktop/Computer Engineering/ENCS2380 (Computer Organization and microprocessor)/Project I/Block1.bdf ;
+----------------------------------+-----------------+------------------------------------+-------------------------------------------------------------------------------------------------------------------------------+


+-----------------------------------------------------------------+
; Analysis & Synthesis Resource Usage Summary                     ;
+-----------------------------------------------+-----------------+
; Resource                                      ; Usage           ;
+-----------------------------------------------+-----------------+
; Estimated ALUTs Used                          ; 5               ;
; Dedicated logic registers                     ; 0               ;
;                                               ;                 ;
; Estimated ALUTs Unavailable                   ; 0               ;
;                                               ;                 ;
; Total combinational functions                 ; 5               ;
; Combinational ALUT usage by number of inputs  ;                 ;
;     -- 7 input functions                      ; 0               ;
;     -- 6 input functions                      ; 0               ;
;     -- 5 input functions                      ; 5               ;
;     -- 4 input functions                      ; 0               ;
;     -- <=3 input functions                    ; 0               ;
;                                               ;                 ;
; Combinational ALUTs by mode                   ;                 ;
;     -- normal mode                            ; 5               ;
;     -- extended LUT mode                      ; 0               ;
;     -- arithmetic mode                        ; 0               ;
;     -- shared arithmetic mode                 ; 0               ;
;                                               ;                 ;
; Estimated ALUT/register pairs used            ; 5               ;
;                                               ;                 ;
; Total registers                               ; 0               ;
;     -- Dedicated logic registers              ; 0               ;
;     -- I/O registers                          ; 0               ;
;                                               ;                 ;
; Estimated ALMs:  partially or completely used ; 3               ;
;                                               ;                 ;
; I/O pins                                      ; 12              ;
; Maximum fan-out node                          ; FA:inst2|Add1~0 ;
; Maximum fan-out                               ; 3               ;
; Total fan-out                                 ; 28              ;
; Average fan-out                               ; 1.65            ;
+-----------------------------------------------+-----------------+


+-----------------------------------------------------------------------------------------------------------------------------------------------------------------------------------------------+
; Analysis & Synthesis Resource Utilization by Entity                                                                                                                                           ;
+----------------------------+-------------------+--------------+-------------------+--------------+---------+-----------+-----------+------+--------------+---------------------+--------------+
; Compilation Hierarchy Node ; LC Combinationals ; LC Registers ; Block Memory Bits ; DSP Elements ; DSP 9x9 ; DSP 18x18 ; DSP 36x36 ; Pins ; Virtual Pins ; Full Hierarchy Name ; Library Name ;
+----------------------------+-------------------+--------------+-------------------+--------------+---------+-----------+-----------+------+--------------+---------------------+--------------+
; |Block1                    ; 5 (3)             ; 0 (0)        ; 0                 ; 0            ; 0       ; 0         ; 0         ; 12   ; 0            ; |Block1             ; work         ;
;    |FA:inst2|              ; 1 (1)             ; 0 (0)        ; 0                 ; 0            ; 0       ; 0         ; 0         ; 0    ; 0            ; |Block1|FA:inst2    ; work         ;
;    |FA:inst|               ; 1 (1)             ; 0 (0)        ; 0                 ; 0            ; 0       ; 0         ; 0         ; 0    ; 0            ; |Block1|FA:inst     ; work         ;
+----------------------------+-------------------+--------------+-------------------+--------------+---------+-----------+-----------+------+--------------+---------------------+--------------+
Note: For table entries with two numbers listed, the numbers in parentheses indicate the number of resources of the given type used by the specific entity alone. The numbers listed outside of parentheses indicate the total resources of the given type used by the specific entity and all of its sub-entities in the hierarchy.


+------------------------------------------------------+
; General Register Statistics                          ;
+----------------------------------------------+-------+
; Statistic                                    ; Value ;
+----------------------------------------------+-------+
; Total registers                              ; 0     ;
; Number of registers using Synchronous Clear  ; 0     ;
; Number of registers using Synchronous Load   ; 0     ;
; Number of registers using Asynchronous Clear ; 0     ;
; Number of registers using Asynchronous Load  ; 0     ;
; Number of registers using Clock Enable       ; 0     ;
; Number of registers using Preset             ; 0     ;
+----------------------------------------------+-------+


+-------------------------------+
; Analysis & Synthesis Messages ;
+-------------------------------+
Info: *******************************************************************
Info: Running Quartus II Analysis & Synthesis
    Info: Version 9.0 Build 132 02/25/2009 SJ Web Edition
    Info: Processing started: Tue Feb 14 13:02:59 2023
Info: Command: quartus_map --read_settings_files=on --write_settings_files=off SIMPCOMP -c SIMPCOMP
Info: Found 1 design units, including 1 entities, in source file SIMPCOMP.v
    Info: Found entity 1: SIMPCOMP
Info: Found 1 design units, including 1 entities, in source file Add.v
    Info: Found entity 1: Add
Info: Found 1 design units, including 1 entities, in source file mux2to1.v
    Info: Found entity 1: mux2to1
Info: Found 1 design units, including 1 entities, in source file Full_Adder.v
    Info: Found entity 1: Full_Adder
Info: Found 1 design units, including 1 entities, in source file Half_Adder.v
    Info: Found entity 1: Half_Adder
Info: Found 1 design units, including 1 entities, in source file circuit.v
    Info: Found entity 1: circuit
Info: Found 1 design units, including 1 entities, in source file FA.v
    Info: Found entity 1: FA
Info: Found 1 design units, including 1 entities, in source file Block1.bdf
    Info: Found entity 1: Block1
Warning (10227): Verilog HDL Port Declaration warning at SIMPCOMP.v(6): data type declaration for "PC" declares packed dimensions but the port declaration declaration does not
Info (10151): Verilog HDL Declaration information at SIMPCOMP.v(4): "PC" is declared here
Warning (10227): Verilog HDL Port Declaration warning at SIMPCOMP.v(5): data type declaration for "IR" declares packed dimensions but the port declaration declaration does not
Info (10151): Verilog HDL Declaration information at SIMPCOMP.v(4): "IR" is declared here
Warning (10227): Verilog HDL Port Declaration warning at SIMPCOMP.v(5): data type declaration for "MBR" declares packed dimensions but the port declaration declaration does not
Info (10151): Verilog HDL Declaration information at SIMPCOMP.v(4): "MBR" is declared here
Warning (10227): Verilog HDL Port Declaration warning at SIMPCOMP.v(6): data type declaration for "MAR" declares packed dimensions but the port declaration declaration does not
Info (10151): Verilog HDL Declaration information at SIMPCOMP.v(4): "MAR" is declared here
Warning (10227): Verilog HDL Port Declaration warning at SIMPCOMP.v(9): data type declaration for "state" declares packed dimensions but the port declaration declaration does not
Info (10151): Verilog HDL Declaration information at SIMPCOMP.v(4): "state" is declared here
Warning (10227): Verilog HDL Port Declaration warning at SIMPCOMP.v(8): data type declaration for "TestR" declares packed dimensions but the port declaration declaration does not
Info (10151): Verilog HDL Declaration information at SIMPCOMP.v(4): "TestR" is declared here
Warning (10227): Verilog HDL Port Declaration warning at Add.v(6): data type declaration for "A" declares packed dimensions but the port declaration declaration does not
Info (10151): Verilog HDL Declaration information at Add.v(3): "A" is declared here
Warning (10227): Verilog HDL Port Declaration warning at Add.v(6): data type declaration for "B" declares packed dimensions but the port declaration declaration does not
Info (10151): Verilog HDL Declaration information at Add.v(3): "B" is declared here
Warning (10227): Verilog HDL Port Declaration warning at Add.v(7): data type declaration for "C" declares packed dimensions but the port declaration declaration does not
Info (10151): Verilog HDL Declaration information at Add.v(4): "C" is declared here
Critical Warning (10846): Verilog HDL Instantiation warning at Full_Adder.v(7): instance has no name
Critical Warning (10846): Verilog HDL Instantiation warning at Full_Adder.v(8): instance has no name
Critical Warning (10846): Verilog HDL Instantiation warning at circuit.v(10): instance has no name
Critical Warning (10846): Verilog HDL Instantiation warning at circuit.v(11): instance has no name
Info: Elaborating entity "Block1" for the top level hierarchy
Info: Elaborating entity "FA" for hierarchy "FA:inst3"
Info: Generated suppressed messages file C:/Users/moham/OneDrive/Desktop/Computer Engineering/ENCS2380 (Computer Organization and microprocessor)/Project I/SIMPCOMP.map.smsg
Info: Implemented 17 device resources after synthesis - the final resource count might be different
    Info: Implemented 9 input pins
    Info: Implemented 3 output pins
    Info: Implemented 5 logic cells
Info: Quartus II Analysis & Synthesis was successful. 0 errors, 13 warnings
    Info: Peak virtual memory: 226 megabytes
    Info: Processing ended: Tue Feb 14 13:03:00 2023
    Info: Elapsed time: 00:00:01
    Info: Total CPU time (on all processors): 00:00:01


+------------------------------------------+
; Analysis & Synthesis Suppressed Messages ;
+------------------------------------------+
The suppressed messages can be found in C:/Users/moham/OneDrive/Desktop/Computer Engineering/ENCS2380 (Computer Organization and microprocessor)/Project I/SIMPCOMP.map.smsg.


